情報: 例外のスローを捕捉 [火 2月 09 21:22:19 JST 2021]
情報: 例外のスローを捕捉 [火 2月 09 21:22:53 JST 2021]
情報: 例外のスローを捕捉 [火 2月 09 21:23:43 JST 2021]
情報: INFO [火 2月 09 21:24:41 JST 2021]
警告: WARNING [火 2月 09 21:24:41 JST 2021]
重大: SEVERE [火 2月 09 21:24:41 JST 2021]
情報: 例外のスローを捕捉 [火 2月 09 21:24:41 JST 2021]
情報: INFO [火 2月 09 21:26:31 JST 2021]
警告: WARNING [火 2月 09 21:26:31 JST 2021]
重大: SEVERE [火 2月 09 21:26:31 JST 2021]
情報: 例外のスローを捕捉 [火 2月 09 21:26:31 JST 2021]
最も詳細: FINEST [火 2月 09 21:28:00 JST 2021]
詳細: FINER [火 2月 09 21:28:00 JST 2021]
普通: FINE [火 2月 09 21:28:00 JST 2021]
構成: CONFIG [火 2月 09 21:28:00 JST 2021]
情報: INFO [火 2月 09 21:28:00 JST 2021]
警告: WARNING [火 2月 09 21:28:00 JST 2021]
重大: SEVERE [火 2月 09 21:28:00 JST 2021]
最も詳細: 例外のスローを捕捉 [火 2月 09 21:28:00 JST 2021]
最も詳細: FINEST [火 2月 09 21:28:20 JST 2021]
詳細: FINER [火 2月 09 21:28:20 JST 2021]
普通: FINE [火 2月 09 21:28:20 JST 2021]
構成: CONFIG [火 2月 09 21:28:20 JST 2021]
情報: INFO [火 2月 09 21:28:20 JST 2021]
警告: WARNING [火 2月 09 21:28:20 JST 2021]
重大: SEVERE [火 2月 09 21:28:20 JST 2021]
情報: 例外のスローを捕捉 [火 2月 09 21:28:20 JST 2021]
情報: INFO [火 2月 09 21:28:28 JST 2021]
警告: WARNING [火 2月 09 21:28:29 JST 2021]
重大: SEVERE [火 2月 09 21:28:29 JST 2021]
情報: 例外のスローを捕捉 [火 2月 09 21:28:29 JST 2021]
情報: INFO [火 2月 09 21:29:53 JST 2021]
警告: WARNING [火 2月 09 21:29:53 JST 2021]
重大: SEVERE [火 2月 09 21:29:53 JST 2021]
情報: 例外のスローを捕捉 [火 2月 09 21:29:53 JST 2021]
